2021-01-02 12:41:01.033 - INFO - 9967 - azureml.train.automl.run._log_activity:54 - ActivityStarted: GetOutput
2021-01-02 12:41:01.045 - INFO - 9967 - azureml.train.automl.run._log_activity:54 - ActivityStarted: GetOutput
2021-01-02 12:41:01.057 - INFO - 9967 - azureml.train.automl.run._log_activity:54 - ActivityStarted: GetChildren
2021-01-02 12:41:01.301 - INFO - 9967 - azureml.train.automl.run._log_activity:92 - ActivityCompleted: Activity=GetChildren, HowEnded=Success, Duration=244.61[ms]
2021-01-02 12:41:01.301 - INFO - 9967 - azureml.train.automl.run._log_activity:92 - ActivityCompleted: Activity=GetOutput, HowEnded=Success, Duration=256.03[ms]
2021-01-02 12:41:01.302 - INFO - 9967 - azureml.train.automl._model_download_utilities._log_activity:54 - ActivityStarted: DownloadModel
2021-01-02 12:41:12.916 - INFO - 9967 - azureml.automl.runtime.distributed.utilities.horovod_initialized:58 - Horovod not found in current environment. Distribution via Horovod will be disabled.
2021-01-02 12:41:15.587 - INFO - 9967 - azureml.automl.runtime.featurization.data_transformer._logger_wrapper:81 - Feature sweeping enabled: False
2021-01-02 12:41:15.587 - INFO - 9967 - azureml.automl.runtime.featurization.data_transformer._logger_wrapper:81 - Feature sweeping timeout: 86400
2021-01-02 12:41:15.635 - INFO - 9967 - azureml.train.automl._model_download_utilities._log_activity:92 - ActivityCompleted: Activity=DownloadModel, HowEnded=Success, Duration=14332.76[ms]
2021-01-02 12:41:15.635 - INFO - 9967 - azureml.train.automl.run._log_activity:92 - ActivityCompleted: Activity=GetOutput, HowEnded=Success, Duration=14602.71[ms]
2021-01-02 14:29:01.862 - INFO - 7091 - azureml.train.automl.run._log_activity:54 - ActivityStarted: GetOutput
2021-01-02 14:29:01.909 - INFO - 7091 - azureml.train.automl.run._log_activity:54 - ActivityStarted: GetOutput
2021-01-02 14:29:01.923 - INFO - 7091 - azureml.train.automl.run._log_activity:54 - ActivityStarted: GetChildren
2021-01-02 14:29:02.041 - INFO - 7091 - azureml.train.automl.run._log_activity:92 - ActivityCompleted: Activity=GetChildren, HowEnded=Success, Duration=118.65[ms]
2021-01-02 14:29:02.042 - INFO - 7091 - azureml.train.automl.run._log_activity:92 - ActivityCompleted: Activity=GetOutput, HowEnded=Success, Duration=132.96[ms]
2021-01-02 14:29:02.042 - INFO - 7091 - azureml.train.automl._model_download_utilities._log_activity:54 - ActivityStarted: DownloadModel
2021-01-02 14:29:03.181 - INFO - 7091 - azureml.automl.runtime.distributed.utilities.horovod_initialized:58 - Horovod not found in current environment. Distribution via Horovod will be disabled.
2021-01-02 14:29:03.844 - INFO - 7091 - azureml.automl.runtime.featurization.data_transformer._logger_wrapper:81 - Feature sweeping enabled: False
2021-01-02 14:29:03.844 - INFO - 7091 - azureml.automl.runtime.featurization.data_transformer._logger_wrapper:81 - Feature sweeping timeout: 86400
2021-01-02 14:29:03.962 - INFO - 7091 - azureml.train.automl._model_download_utilities._log_activity:92 - ActivityCompleted: Activity=DownloadModel, HowEnded=Success, Duration=1919.99[ms]
2021-01-02 14:29:03.962 - INFO - 7091 - azureml.train.automl.run._log_activity:92 - ActivityCompleted: Activity=GetOutput, HowEnded=Success, Duration=2100.24[ms]
