2021-01-02 12:13:52.893 - INFO - 9967 - azureml.train.automl._azureautomlclient.modify_run_configuration:199 - Package azureml-train-automl missing from dependencies file.
2021-01-02 12:13:52.893 - INFO - 9967 - azureml.train.automl._azureautomlclient.modify_run_configuration:205 - Using pinned version: azureml-train-automl==1.19.0.*
2021-01-02 12:13:52.894 - INFO - 9967 - azureml.train.automl._azureautomlclient.modify_run_configuration:199 - Package pandas missing from dependencies file.
2021-01-02 12:13:52.894 - INFO - 9967 - azureml.train.automl._azureautomlclient.modify_run_configuration:205 - Using pinned version: pandas==0.25.1
2021-01-02 12:13:52.895 - INFO - 9967 - azureml.train.automl._azureautomlclient.modify_run_configuration:199 - Package psutil missing from dependencies file.
2021-01-02 12:13:52.895 - INFO - 9967 - azureml.train.automl._azureautomlclient.modify_run_configuration:205 - Using pinned version: psutil>5.0.0,<6.0.0
2021-01-02 12:13:52.895 - INFO - 9967 - azureml.train.automl._azureautomlclient.modify_run_configuration:199 - Package scikit-learn missing from dependencies file.
2021-01-02 12:13:52.896 - INFO - 9967 - azureml.train.automl._azureautomlclient.modify_run_configuration:205 - Using pinned version: scikit-learn==0.22.1
2021-01-02 12:13:52.897 - INFO - 9967 - azureml.train.automl._azureautomlclient.modify_run_configuration:199 - Package numpy missing from dependencies file.
2021-01-02 12:13:52.897 - INFO - 9967 - azureml.train.automl._azureautomlclient.modify_run_configuration:205 - Using pinned version: numpy~=1.18.0
2021-01-02 12:13:52.898 - INFO - 9967 - azureml.train.automl._azureautomlclient.modify_run_configuration:199 - Package py-xgboost missing from dependencies file.
2021-01-02 12:13:52.898 - INFO - 9967 - azureml.train.automl._azureautomlclient.modify_run_configuration:205 - Using pinned version: py-xgboost<=0.90
2021-01-02 12:13:52.898 - INFO - 9967 - azureml.train.automl._azureautomlclient.modify_run_configuration:199 - Package inference-schema missing from dependencies file.
2021-01-02 12:13:52.899 - INFO - 9967 - azureml.train.automl._azureautomlclient.modify_run_configuration:199 - Package fbprophet missing from dependencies file.
2021-01-02 12:13:52.899 - INFO - 9967 - azureml.train.automl._azureautomlclient.modify_run_configuration:205 - Using pinned version: fbprophet==0.5
2021-01-02 12:13:52.899 - INFO - 9967 - azureml.train.automl._azureautomlclient.modify_run_configuration:199 - Package setuptools-git missing from dependencies file.
2021-01-02 12:13:52.899 - INFO - 9967 - azureml.train.automl._azureautomlclient.modify_run_configuration:209 - Using installed version: setuptools-git==1.2
2021-01-02 12:13:52.913 - INFO - 9967 - azureml.train.automl._azureautomlclient._validate_input:663 - Start data validation.
2021-01-02 12:13:55.008 - INFO - 9967 - azureml.train.automl._azureautomlclient._validate_input:676 - Validation service found the data has no errors.
2021-01-02 12:13:55.008 - INFO - 9967 - azureml.train.automl._azureautomlclient._create_parent_run_for_remote:541 - Start creating parent run.
2021-01-02 12:13:56.062 - INFO - 9967 - azureml.train.automl._azureautomlclient._create_parent_run_for_remote:561 - [ParentRunID:AutoML_185cf69e-94c5-4278-8b9d-2e2eba6d0ac0] Remote run using input X and y.
2021-01-02 12:13:56.523 - INFO - 9967 - azureml.train.automl._azureautomlclient._create_parent_run_for_remote:574 - Parent Run ID: AutoML_185cf69e-94c5-4278-8b9d-2e2eba6d0ac0
2021-01-02 12:13:56.524 - INFO - 9967 - azureml.train.automl._azureautomlclient._fit_remote_core:502 - Starting a snapshot run (snapshot_id : None)
2021-01-02 14:06:00.867 - INFO - 7091 - azureml.train.automl._azureautomlclient.modify_run_configuration:199 - Package azureml-train-automl missing from dependencies file.
2021-01-02 14:06:00.867 - INFO - 7091 - azureml.train.automl._azureautomlclient.modify_run_configuration:205 - Using pinned version: azureml-train-automl==1.19.0.*
2021-01-02 14:06:00.868 - INFO - 7091 - azureml.train.automl._azureautomlclient.modify_run_configuration:199 - Package pandas missing from dependencies file.
2021-01-02 14:06:00.868 - INFO - 7091 - azureml.train.automl._azureautomlclient.modify_run_configuration:205 - Using pinned version: pandas==0.25.1
2021-01-02 14:06:00.869 - INFO - 7091 - azureml.train.automl._azureautomlclient.modify_run_configuration:199 - Package psutil missing from dependencies file.
2021-01-02 14:06:00.869 - INFO - 7091 - azureml.train.automl._azureautomlclient.modify_run_configuration:205 - Using pinned version: psutil>5.0.0,<6.0.0
2021-01-02 14:06:00.870 - INFO - 7091 - azureml.train.automl._azureautomlclient.modify_run_configuration:199 - Package scikit-learn missing from dependencies file.
2021-01-02 14:06:00.870 - INFO - 7091 - azureml.train.automl._azureautomlclient.modify_run_configuration:205 - Using pinned version: scikit-learn==0.22.1
2021-01-02 14:06:00.870 - INFO - 7091 - azureml.train.automl._azureautomlclient.modify_run_configuration:199 - Package numpy missing from dependencies file.
2021-01-02 14:06:00.870 - INFO - 7091 - azureml.train.automl._azureautomlclient.modify_run_configuration:205 - Using pinned version: numpy~=1.18.0
2021-01-02 14:06:00.871 - INFO - 7091 - azureml.train.automl._azureautomlclient.modify_run_configuration:199 - Package py-xgboost missing from dependencies file.
2021-01-02 14:06:00.871 - INFO - 7091 - azureml.train.automl._azureautomlclient.modify_run_configuration:205 - Using pinned version: py-xgboost<=0.90
2021-01-02 14:06:00.871 - INFO - 7091 - azureml.train.automl._azureautomlclient.modify_run_configuration:199 - Package inference-schema missing from dependencies file.
2021-01-02 14:06:00.871 - INFO - 7091 - azureml.train.automl._azureautomlclient.modify_run_configuration:199 - Package fbprophet missing from dependencies file.
2021-01-02 14:06:00.871 - INFO - 7091 - azureml.train.automl._azureautomlclient.modify_run_configuration:205 - Using pinned version: fbprophet==0.5
2021-01-02 14:06:00.872 - INFO - 7091 - azureml.train.automl._azureautomlclient.modify_run_configuration:199 - Package setuptools-git missing from dependencies file.
2021-01-02 14:06:00.872 - INFO - 7091 - azureml.train.automl._azureautomlclient.modify_run_configuration:209 - Using installed version: setuptools-git==1.2
2021-01-02 14:06:00.883 - INFO - 7091 - azureml.train.automl._azureautomlclient._validate_input:663 - Start data validation.
2021-01-02 14:06:02.218 - INFO - 7091 - azureml.train.automl._azureautomlclient._validate_input:676 - Validation service found the data has no errors.
2021-01-02 14:06:02.218 - INFO - 7091 - azureml.train.automl._azureautomlclient._create_parent_run_for_remote:541 - Start creating parent run.
2021-01-02 14:06:02.452 - INFO - 7091 - azureml.train.automl._azureautomlclient._create_parent_run_for_remote:561 - [ParentRunID:AutoML_6263dfa7-5f5f-4c49-a41d-906612c208c9] Remote run using input X and y.
2021-01-02 14:06:02.508 - INFO - 7091 - azureml.train.automl._azureautomlclient._create_parent_run_for_remote:574 - Parent Run ID: AutoML_6263dfa7-5f5f-4c49-a41d-906612c208c9
2021-01-02 14:06:02.508 - INFO - 7091 - azureml.train.automl._azureautomlclient._fit_remote_core:502 - Starting a snapshot run (snapshot_id : None)
